Goq09g+UDO297yiGk3ijIYKi6fGGD6WJCKrIJz8aA6rSr+TfmWOcG4CFv0ptcP2lAH9xjKqjopxLfRFaa2ITZ+DDcCd5Ly6eGWyZ3a6sx3hTBfiL56H6s9YfGig4XnALrFZ2n54co0SGuIPIc2w+Wr1T7+Ku4BfA8vS8JNE5obyEJ+GmhFSbZWE6KE2kg9TAg+Wy/Q==
SKRUur8oNxSQ3L078Yuw6Y/pKhZHqikbDjpBFRdYLg1913QcFug2IGgQtO1mgYaRn2KtOyxla2c+m+f/EF0tGeZc1SLptwoKP+rvm3gRUzcSEXpxSmL8mKg58ChWpYrqq0aKtrPil4oGCMENLzhaNr+inlosrlW/Oc4YmQFcUOLTJy302KeApazSv/uy5w==
tg/DX0mEdMCxG4e1g0gkawdlFazIK1y0+bCzinN2Wh3/aPSjjSv6wxgucUOpRby1rMTWrT0QGWy2Ahf0oQYzMsXhUsfkzxkg9lROHJgszFHjOPytb17Vh8xZE1vOJ59D0GFVJRbgrZ4Ji3K2z1aXp3gtK4virQJNqt6EJFgFiBSWGfJWW3ryilNe77b2NLmxr4QiCk+e5ubMki2DyXJgJcFgKN4jm1VIOJv4GVxux8ey2w==
PrmLE7aPz2Nph19gMkuPjlYnX2YOVF4sIDrvWH9umWxnpM1CBs8sNQ4b5zOIhMSBkOJWoaRgJE820knbIfGmMC1Tl7nQuNiByPa0xOLC43YPFJQW04Z8SKX/M+SVi9ONjQoV9yZPUShp+2dAqcRP/wilQ54CseXyDSfy47eA9vrCgO+p8LLu
ZaR0pc3uCTZA+LhcPmujlHM6XUzTNWGYKWy+yISZ+RATUWoIzNf/QWsO7TTbdCGqkka5XWJLW+t8ZNC5jJI6iZCg0KeaYtWjtVES6NGDu5HEuMyp5CZIHFZidw6TpDj+J0ZIYMmPL9yBaydVMVp5n7LPxcCFK9sY3aRbxxRVr7Y28ZGaoZduGyMgQqK+0MOB5LL6
a8u5yNped0fzmImJVg/hxnM6XUzTNWGYKWy+yISZ+RATQGIGytj+E2sO7TTbdCGqkke5XWJLW+t8ZNC5jJI6iZCg0KeaYtWjtVES6NGDu5HEuMyp5CZIHFZidw6TpDj+J0ZIYMmPL9yBaydVMVp5n7LPxcCFK9sY3aRbxxRVr7Y28ZGaoZduGyMgQqK+0MOB5LL6
JJTcydKOsoKT8ZL9w7N3ykpsm8l1cXzBfKgeKtAawBPZXRdrRzppJJ/l/QC53ES2+K3+OgYA86kU6RbrX275LMckbQJmxM31rptH82iE5MEwYrbhxGAEj5ZSKZvB8YZwTdN3efC4+EEodtSEwsIDNm+UNNbzhhwIRX+TpLWLM00tirU3xk8xaMl7xwDJxG8/qCUjXuKxxbKtpxIj14DWOiIAj+nQss4=
RCskcVpyX1VT2P+IngqGS/jtlg2+5AZa5iFQRyhteNLBndMnDd+9wPZ0jrwYjAxx5Rg/De/+FafMudM7TsdfI9CBFUWWAO3+CasyFk/214d4DWsrYg1Cbaq+xMTYZcj0lnkyttsaMmpTfi8WdpR5ka+k4qrPPibGzHLt40mSoEXBgGi+o3sVKDi7uLnczofnsvs=
XtuYIHof+H5dZMRrq4OeEyjAex9yIjZcp2xNYA5R3IWubT8IGxGt2wFixkvP7gmMt+SdIhbCPdXe27dTGAR0YWAiZsHUYBRvxhL5e1FxNpD9k0eZwLjIoRg2ZGRyQpPWv9RkNuOGDCiVP8MEJQtD7d3KxRc2T0FIObu3oDlE/5945XN+8rHV0n1nQkNHAGZaksC/ieCy/g==
aEAizh0VQoTHPXjLmrejSN+x4+GaB6baEqjWNyxdH4nSouSw/w31AYmSpkJSRtDCSDMj3vPHt4BBFTxvb2EmafvBcCd5Ly6eGWyZ3a6sx3hTBfiL56H6s9YfGig4XnALrFZ2n54co0SGuIPIc2w+Wr1T7+Ku4BfA8vS8JNE5obyEJ+GmhFSbZWE6KE2kg9TAg+Wy/Q==
2Ip2fFWX4VLZhiLKWMIN588MdbDGkZT19s3XmLybmxnsyR77h65BXE/EtVIOwCUl9vvPA9DEvNE4Qs5RLOCs/66yIYuZMX7AxXOvqdi40JHw1lw0OgJbJmd0DKZbBvS4PV+btO3Li72l6u3nLk9ZOBGbT3BxBLcvoAXb7ooxbUKVxxozD8Cuiqqg17n4suY=
3g1vrIovV+BGvTNE/qqiiGzPkqGtQBVMSgtumuoljLi2TF5U+KQ8aeQBDyUPFsWfjMGDk+4vr7tQGWUtNqg9BsmTYn4v3uefeBVbAwJlElVqRhRseA24bBbhwl57smISE0b//pa8SYmvvNKCL9b2/owKvUvpelDdQRgY1gPTxdD4g+jRvOa3/7Lj
j7B4+T+EkyJQNOzqCFdUKlH6dl2Mt3JMLm4nGfAI6xUTLPkzJXgHIZvT/bDw+RLjs06VZAOUCbqaQrBNSisDO4SkiMk0ctI5GCBYVzLCrRNtkSq4iaNTgcy4xLkMBhBMbqKvvusEkA6vxsDQIW+XrNmr34VpOlGPus/N0K3LA0il5IM3rDXHBr5xGeoJN5are2B6cmbwq5HssvI=
OBRNk1vXitG115p/nv8Xj/TsmgCnpU8S+TYJSmQyJIDDhJInDd+9wPZ0jrwYjAxx4hk/De/+FafMudM7TsdfI9CBFUWWAO3+CasyFk/214d4DWsrYg1Cbaq+xMTYZcj0lnkyttsaMmpTfi8WdpR5ka+k4qrPPibGzHLt40mSoEXBgGi+o3sVKDi7uLnczofnsvs=
DQDHMgkjMgfwIn4/NSis0gjQ8vw0XXWb8W4q4AbK4PgQxQkHoeNNqxBBUWHGaIbl8x3wwRxjlY6+pm8YnP9pREKeYmHx+KGcvH/v6XVpTRghYhXkTeSsrA8olEkzTLTCmRvd9FPkJHjivcTSzbYGLqoSQH5A96AT6nMH3Klx3ENX9XaVs0UwK6Fb3oKxyLkx1njXRNtB+Md/lcpvvvt6hIBKoHdkUrYTxujT2K6cI6SLOK7mtZdvLrZUp5wakFwI6a3xQMyjoapcIGt5yZ4IodxXxPwLobKx
ahjYdncl5JJ5JLkHiquWXhEN6pCr+BdZlIc8VThlTU38CesFflFXBk4cn7eZ1C98+MjhdxcuMfyfBIUyHs40xMa7n6MgRCyxiIIecVzgnB9+8lErCbHOoJWzX4nIuMCxABYMVIqCy4YXNNxGawaEmO2fK9R9S3sd9ardBz5PSVghW5/QAYQnzxBFi856MV0ixQfqk59AHmp64KeZ6LL2
Lg96ak3sbddFXcaSpyhu5kz407fj4555rtDutsRTKif1kK7Egd9Sh5M+p6RWkGYIiPiE9W+etnl/Sv1DbN27j54zl2eQxd2xRjSFmilP2iJfgt+DeAljX3I5qomK2qzwCJEAsNY9+kILrloO85rHoubg8RUvIGreX4rOImwWhVeZZmgBgcSgSnNPfUwYX1CNzLqP47L/
vhenp3tmC3/nnTHvGGbcTToHmSo55pZjhs7pqeyktXERZvflBaNZXp9gEbzrbtAH/Zeog5G/DjRibWY6kO3yADJDMMq/NwfB4HxbCzEVRjhOLW6uwoik8sWa+QySGsXmKgRjJ8UIMztVAfuSs1vwj4cET+MRTK/0aRP+fYXSVNFzfou/BA8RMLC2tNjJheay+A==
Pmav4e5FWTsOYDK9V9JC4BEMXzFhFNqBTN+tvktYXeyXBkSEaX9UU12HWlQWdWoKjAUGwIbrrLozr7NhNISX2w09UjhaBVJ+DnBwUnECdXwOsnEm3ux/F8kQR1sBOTdCT7NkDxNsM7NddHsUnQvyTZm6IJHH1hdPiJelkOTO+Ij1rfKy7A==
9FDBEBVi0EoAM8heBqcu5vKosPOQVTXxaQIm0jI2kPJoIyXI3ff38CGFvP+PkeZZ29FwN1kf7m75/BlNztyHSHMV+JvHkbrDto+auNiusDuMRnaPvixjtGYoA1gTHH5qnUPv8o7QV7CSZDy0MclhjKQ34bakZFuVgaqo3cTzlPCj9bLt
T/ToHKic2QQInvkWi1GfZhMMXyBjAt6BTN+tvktYXeyXBkSCaX9UU12HWlQWdWoKjAUGwIbrrLozr7NhNISX2w09UjhaBVJ+DnBwUnECdXwOsnEm3ux/F8kQR1sBOTdCT7NkDxNsM7NddHsUnQvyTZm6IJHH1hdPiJelkOTO+Ij1rfKy7A==
6cE+mevXiNF7V5uc0oECH/KotuWMSDXxaQIm0jI2kPJoIyPI3ff38CGFvP+PkeZZ29FwN1kf7m75/BlNztyHSHMV+JvHkbrDto+auNiusDuMRnaPvixjtGYoA1gTHH5qnUPv8o7QV7CSZDy0MclhjKQ34bakZFuVgaqo3cTzlPCj9bLt
KJ3CkfI6+o1xBy7HNue43/Kot/OeTTXxaQIm0jI2kPJoIyDI3ff38CGFvP+PkeZZ29FwN1kf7m75/BlNztyHSHMV+JvHkbrDto+auNiusDuMRnaPvixjtGYoA1gTHH5qnUPv8o7QV7CSZDy0MclhjKQ34bakZFuVgaqo3cTzlPCj9bLt
ZRsE3CftcMqR8N4FofxD5ImE9csTWZawOFs9ZWIPpQfqCHgLDBJsIXnc7qfMT5HuFp9FfuMo1UxP9lyFdg4M89V38hR+ZWIqdNW+QP67lFo7v5shXDQfO9UNSjhCNYqehsAYElkSfZw24gmmZjyHN8EALxupyb/iF8N8Dwuc6xPVBNPUdRv6beHqmBE/Bi8vgIeNUAx+cOitneqy9A==
zZzN7jhGFr65bPcHYaoBOXPn8AckoZi76eXIeIx4qJb2PbTw4v7PEg1HVodl111LNW7Q4AVOQyKxSmuN/Iporg91bU0uf8+rUAmF/XbYXbZJY8LOb47Hj3gFe1NC1bKl6vZ0HDjdWHwW8aIOu0KCopM2X05WbGmZr6zyUu9mVo4Mul27KSowzUEI+AZDo6VgeHNIYfy2l++y8w==
