xcMApOhI2/2AvgI4RvYRYYKi6fGGD6WJCKrIJz8aA6rSr+TfmWOcG4CFv0ptcP2lAH9xjKqjopxLfRFaa2ITZ+DDcCd5Ly6eGWyZ3a6sx3hTBfiL56H6s9YfGig4XnALrFZ2n54co0SGuIPIc2w+Wr1T7+Ku4BfA8vS8JNE+oLyDJ+GmhFSbZWE6KE2kg9TAg+Wy/Q==
6eO1Zt9a6JaHh2RI10aQZI/pKhZHqikbDjpBFRdYLg1913QcFug2IGgQtO1mgYaRn2KtOyxla2c+m+f/EF0tGeZc1SLptwoKP+rvm3gRUzcSEXpxSmL8mKg58ChWpYrqq0aKtrPil4oGCMENLzhaNr+inlosrlW4OM4fmQFcUOLTJy302KeApazSv/uy5w==
rmudQhMGDiBhMModw2XrrQdlFazIK1y0+bCzinN2Wh3/aPSjjSv6wxgucUOpRby1rMTWrT0QGWy2Ahf0oQYzMsXhUsfkzxkg9lROHJgszFHjOPytb17Vh8xZE1vOJ59D0GFVJRbgrZ4Ji3K2z1aXp3gtK4virQJNqt6EJFgFiBSWGfJWW3ryilNe77b2NLmxr4QiCk+e5ubMki2EyHJnJcFgKN4jm1VIOJv4GVxux8ey2w==
euQrF7X2YPUD8/R9AUiwXlYnX2YOVF4sIDrvWH9umWxnpM1CBs8sNQ4b5zOIhMSBkOJWoaRgJE820knbIfGmMC1Tl7nQuNiByPa0xOLC43YPFJQW04Z8SKX/M+SVi9ONjQoV9yZPUShp+2dAqcRP/w+kQ5kCseXyDSfy47eA9vrCgO+p8LLu
EqW/qITkmGSOpIy3Uzrm5nM6XUzTNWGYKWy+yISZ+RATUWoIzNf/QWsO7TTbdCGqkka5XWJLW+t8ZNC5jJI6iZCg0KeaYtWjtVES6NGDu5HEuMyp5CZIHFZidw6TpDj+J0ZIYMmPL9yBaydVMVp5n7LPxcCFK9sY3aRbxxNUr7E28ZGaoZduGyMgQqK+0MOB5LL6
/LQX2ixyvNymm0oiDfYL3nM6XUzTNWGYKWy+yISZ+RATQGIGytj+E2sO7TTbdCGqkke5XWJLW+t8ZNC5jJI6iZCg0KeaYtWjtVES6NGDu5HEuMyp5CZIHFZidw6TpDj+J0ZIYMmPL9yBaydVMVp5n7LPxcCFK9sY3aRbxxNUr7E28ZGaoZduGyMgQqK+0MOB5LL6
jk4VL79iNnXIGuk2ljvPyUpsm8l1cXzBfKgeKtAawBPZXRdrRzppJJ/l/QC53ES2+K3+OgYA86kU6RbrX275LMckbQJmxM31rptH82iE5MEwYrbhxGAEj5ZSKZvB8YZwTdN3efC4+EEodtSEwsIDNm+UNNbzhhwIRX+TpLWLM00tirU3xk8xaMl7xwDJxG8/ryQjWeKxxbKtpxIj14DWOiIAj+nQss4=
jx4yODI/saCXO/pVqmG/Xvjtlg2+5AZa5iFQRyhteNLBndMnDd+9wPZ0jrwYjAxx5Rg/De/+FafMudM7TsdfI9CBFUWWAO3+CasyFk/214d4DWsrYg1Cbaq+xMTYZcj0lnkyttsaMmpTfi8WdpR5ka+k4qrPPibGzHLt5EiSp0XBgGi+o3sVKDi7uLnczofnsvs=
h73pN87nSHzK3OEcXpEfiyjAex9yIjZcp2xNYA5R3IWubT8IGxGt2wFixkvP7gmMt+SdIhbCPdXe27dTGAR0YWAiZsHUYBRvxhL5e1FxNpD9k0eZwLjIoRg2ZGRyQpPWv9RkNuOGDCiVP8MEJQtD7d3KxRc2T0FIObu3oDlE/59/5HN58rHV0n1nQkNHAGZaksC/ieCy/g==
shCQE8LPcDkFlwm2gqD9x9+x4+GaB6baEqjWNyxdH4nSouSw/w31AYmSpkJSRtDCSDMj3vPHt4BBFTxvb2EmafvBcCd5Ly6eGWyZ3a6sx3hTBfiL56H6s9YfGig4XnALrFZ2n54co0SGuIPIc2w+Wr1T7+Ku4BfA8vS8JNE+oLyDJ+GmhFSbZWE6KE2kg9TAg+Wy/Q==
CeY3PlFk9mxa8Ajmb5GHNM8MdbDGkZT19s3XmLybmxnsyR77h65BXE/EtVIOwCUl9vvPA9DEvNE4Qs5RLOCs/66yIYuZMX7AxXOvqdi40JHw1lw0OgJbJmd0DKZbBvS4PV+btO3Li72l6u3nLk9ZOBGbT3BxBLcvpwTb6YoxbUKVxxozD8Cuiqqg17n4suY=
izZiKbdL3gEm2xrOrL0V5WzPkqGtQBVMSgtumuoljLi2TF5U+KQ8aeQBDyUPFsWfjMGDk+4vr7tQGWUtNqg9BsmTYn4v3uefeBVbAwJlElVqRhRseA24bBbhwl57smISE0b//pa8SYmvvNKCL9b2/owKvUzoelfdQRgY1gPTxdD4g+jRvOa3/7Lj
TVvg/m1EICRwQ+vTq6VH8FH6dl2Mt3JMLm4nGfAI6xUTLPkzJXgHIZvT/bDw+RLjs06VZAOUCbqaQrBNSisDO4SkiMk0ctI5GCBYVzLCrRNtkSq4iaNTgcy4xLkMBhBMbqKvvusEkA6vxsDQIW+XrNmr34VpOlGPus/N0K3LA0il5IM3qzTHAb5xGeoJN5are2B6cmbwq5HssvI=
xdn+ePbv9wvR1t2uaxGBLPTsmgCnpU8S+TYJSmQyJIDDhJInDd+9wPZ0jrwYjAxx4hk/De/+FafMudM7TsdfI9CBFUWWAO3+CasyFk/214d4DWsrYg1Cbaq+xMTYZcj0lnkyttsaMmpTfi8WdpR5ka+k4qrPPibGzHLt5EiSp0XBgGi+o3sVKDi7uLnczofnsvs=
5oYG0+zspmc5dt64UpI30gjQ8vw0XXWb8W4q4AbK4PgQxQkHoeNNqxBBUWHGaIbl8x3wwRxjlY6+pm8YnP9pREKeYmHx+KGcvH/v6XVpTRghYhXkTeSsrA8olEkzTLTCmRvd9FPkJHjivcTSzbYGLqoSQH5A96AT6nMH3Klx3ENX9XaVs0UwK6Fb3oKxyLkx1njXRNtB+Md/lcpvvvt6hIBKoHdkUrYTxujT2K6cI6SLOK7mtZdvLrZUp5wakFwI6arwQMujoapcIGt5yZ4IodxXxPwLobKx
cmVPtQ3oHv+awyCeEjq8aBEN6pCr+BdZlIc8VThlTU38CesFflFXBk4cn7eZ1C98+MjhdxcuMfyfBIUyHs40xMa7n6MgRCyxiIIecVzgnB9+8lErCbHOoJWzX4nIuMCxABYMVIqCy4YXNNxGawaEmO2fK9R9S3sd9ardBz5PSVghW5/QAYQnzxdEi8l6MV0ixQfqk59AHmp64KeZ6LL2
25O6G6qWpiLbY/4UPMe890z407fj4555rtDutsRTKif1kK7Egd9Sh5M+p6RWkGYIiPiE9W+etnl/Sv1DbN27j54zl2eQxd2xRjSFmilP2iJfgt+DeAljX3I5qomK2qzwCJEAsNY9+kILrloO85rHoubg8RUvIGreX4rOImwWhVCYZm8BgcSgSnNPfUwYX1CNzLqP47L/
VEPTMjU6qUJINiLK6mpMxjoHmSo55pZjhs7pqeyktXERZvflBaNZXp9gEbzrbtAH/Zeog5G/DjRibWY6kO3yADJDMMq/NwfB4HxbCzEVRjhOLW6uwoik8sWa+QySGsXmKgRjJ8UIMztVAfuSs1vwj4cET+MRTK/0aRP5fIXVVNFzfou/BA8RMLC2tNjJheay+A==
nSbo+5E+FSJAPVdSih/sVBEMXzFhFNqBTN+tvktYXeyXBkSEaX9UU12HWlQWdWoKjAUGwIbrrLozr7NhNISX2w09UjhaBVJ+DnBwUnECdXwOsnEm3ux/F8kQR1sBOTdCT7NkDxNsM7NddHsUnQv1TJm9IJHH1hdPiJelkOTO+Ij1rfKy7A==
wL1A1QG3qUe6DCIUARHAFvKosPOQVTXxaQIm0jI2kPJoIyXI3ff38CGFvP+PkeZZ29FwN1kf7m75/BlNztyHSHMV+JvHkbrDto+auNiusDuMRnaPvixjtGYoA1gTHH5qnUPv8o7QV7CSZDy0Mc5gjKM34bakZFuVgaqo3cTzlPCj9bLt
bnVjl+cooGGgT7oMjAhGwxMMXyBjAt6BTN+tvktYXeyXBkSCaX9UU12HWlQWdWoKjAUGwIbrrLozr7NhNISX2w09UjhaBVJ+DnBwUnECdXwOsnEm3ux/F8kQR1sBOTdCT7NkDxNsM7NddHsUnQv1TJm9IJHH1hdPiJelkOTO+Ij1rfKy7A==
ZRYCBc1RsBoG+HjfWzZpA/KotuWMSDXxaQIm0jI2kPJoIyPI3ff38CGFvP+PkeZZ29FwN1kf7m75/BlNztyHSHMV+JvHkbrDto+auNiusDuMRnaPvixjtGYoA1gTHH5qnUPv8o7QV7CSZDy0Mc5gjKM34bakZFuVgaqo3cTzlPCj9bLt
PIFNUi/yuJxSteKYblBkSvKot/OeTTXxaQIm0jI2kPJoIyDI3ff38CGFvP+PkeZZ29FwN1kf7m75/BlNztyHSHMV+JvHkbrDto+auNiusDuMRnaPvixjtGYoA1gTHH5qnUPv8o7QV7CSZDy0Mc5gjKM34bakZFuVgaqo3cTzlPCj9bLt
rUEiIF+Rqrz0FAa+bXYHpImE9csTWZawOFs9ZWIPpQfqCHgLDBJsIXnc7qfMT5HuFp9FfuMo1UxP9lyFdg4M89V38hR+ZWIqdNW+QP67lFo7v5shXDQfO9UNSjhCNYqehsAYElkSfZw24gmmZjyHN8EALxupyb/iF8N8Dwuc6xPVBNPUdRv9bOHtmBE/Bi8vgIeNUAx+cOitneqy9A==
/oPF+/w+hMm8NNwBnNLl13Pn8AckoZi76eXIeIx4qJb2PbTw4v7PEg1HVodl111LNW7Q4AVOQyKxSmuN/Iporg91bU0uf8+rUAmF/XbYXbZJY8LOb47Hj3gFe1NC1bKl6vZ0HDjdWHwW8aIOu0KCopM2X05WbGmZr6zyUu9mVo4Mul28KCo3zUEI+AZDo6VgeHNIYfy2l++y8w==
Ob/pkiM6yppjQBUOJ4Hk9XPn8AckoZi76eXIeIx4qJb2PbTw4v7PEg1HVodl111LNW7Q4AVOQyKxSmuN/Iporg91bU0uf8+rUAmF/XbYXbZJY8LOb47Hj3gFe1NC1bKl6vZ0HDjdWHwW8aIOu0KCopM2X05WbGmZr6zyUu9mVo4Mul28LSoxzUEI+AZDo6VgeHNIYfy2l++y8w==
fPGlO5r9Ssa/jTZ33B4qrB9GJGR3H4M8EY41QK6loY8/bDh0bgsQKIZ2KSYzx9sBAK4Y0S1IQAbxLcL5s9E5f9I+NMB2C3z6Y88j4YRkZxs9HUI4SiVivv6QwNLhYiU83lKBJu7ML1eZsNfb8ZmHAj/TdA8DjMNz7dQLlA2rJ4xJmhCRt7ZHj1h3NRBUrojIxY3isvw=
