d/jQWItznQc6EFC27K0R34Ki6fGGD6WJCKrIJz8aA6rSr+TfmWOcG4CFv0ptcP2lAH9xjKqjopxLfRFaa2ITZ+DDcCd5Ly6eGWyZ3a6sx3hTBfiL56H6s9YfGig4XnALrFZ2n54co0SGuIPIc2w+Wr1T7+Ku4BfA8vS8JNE+pLyAJ+GmhFSbZWE6KE2kg9TAg+Wy/Q==
1h3kAaA+BUJEAL0SH5LoL4/pKhZHqikbDjpBFRdYLg1913QcFug2IGgQtO1mgYaRn2KtOyxla2c+m+f/EF0tGeZc1SLptwoKP+rvm3gRUzcSEXpxSmL8mKg58ChWpYrqq0aKtrPil4oGCMENLzhaNr+inlosrlW4PM4cmQFcUOLTJy302KeApazSv/uy5w==
v0eX0FEwfklrHfuxUd9gkwdlFazIK1y0+bCzinN2Wh3/aPSjjSv6wxgucUOpRby1rMTWrT0QGWy2Ahf0oQYzMsXhUsfkzxkg9lROHJgszFHjOPytb17Vh8xZE1vOJ59D0GFVJRbgrZ4Ji3K2z1aXp3gtK4virQJNqt6EJFgFiBSWGfJWW3ryilNe77b2NLmxr4QiCk+e5ubMki2EzHJkJcFgKN4jm1VIOJv4GVxux8ey2w==
ngrheXNXBaatMJxE/Y2UvVYnX2YOVF4sIDrvWH9umWxnpM1CBs8sNQ4b5zOIhMSBkOJWoaRgJE820knbIfGmMC1Tl7nQuNiByPa0xOLC43YPFJQW04Z8SKX/M+SVi9ONjQoV9yZPUShp+2dAqcRP/w+gQ5oCseXyDSfy47eA9vrCgO+p8LLu
9AOkcfBceQbAFzffWnhSUXM6XUzTNWGYKWy+yISZ+RATUWoIzNf/QWsO7TTbdCGqkka5XWJLW+t8ZNC5jJI6iZCg0KeaYtWjtVES6NGDu5HEuMyp5CZIHFZidw6TpDj+J0ZIYMmPL9yBaydVMVp5n7LPxcCFK9sY3aRbxxNQr7I28ZGaoZduGyMgQqK+0MOB5LL6
QbZPNALKb/6fS7gt5eMAgnM6XUzTNWGYKWy+yISZ+RATQGIGytj+E2sO7TTbdCGqkke5XWJLW+t8ZNC5jJI6iZCg0KeaYtWjtVES6NGDu5HEuMyp5CZIHFZidw6TpDj+J0ZIYMmPL9yBaydVMVp5n7LPxcCFK9sY3aRbxxNQr7I28ZGaoZduGyMgQqK+0MOB5LL6
eJdvh9eHitiMpwAe9nuKV0psm8l1cXzBfKgeKtAawBPZXRdrRzppJJ/l/QC53ES2+K3+OgYA86kU6RbrX275LMckbQJmxM31rptH82iE5MEwYrbhxGAEj5ZSKZvB8YZwTdN3efC4+EEodtSEwsIDNm+UNNbzhhwIRX+TpLWLM00tirU3xk8xaMl7xwDJxG8/ryAjWuKxxbKtpxIj14DWOiIAj+nQss4=
bZ1WS6QATCSq9z6SU/V5FPjtlg2+5AZa5iFQRyhteNLBndMnDd+9wPZ0jrwYjAxx5Rg/De/+FafMudM7TsdfI9CBFUWWAO3+CasyFk/214d4DWsrYg1Cbaq+xMTYZcj0lnkyttsaMmpTfi8WdpR5ka+k4qrPPibGzHLt5EySpEXBgGi+o3sVKDi7uLnczofnsvs=
YfNmTaAU0C4opdYHd4bl7yjAex9yIjZcp2xNYA5R3IWubT8IGxGt2wFixkvP7gmMt+SdIhbCPdXe27dTGAR0YWAiZsHUYBRvxhL5e1FxNpD9k0eZwLjIoRg2ZGRyQpPWv9RkNuOGDCiVP8MEJQtD7d3KxRc2T0FIObu3oDlE/59/4HN68rHV0n1nQkNHAGZaksC/ieCy/g==
63k+9LAqYnteqBtTzrWtpt+x4+GaB6baEqjWNyxdH4nSouSw/w31AYmSpkJSRtDCSDMj3vPHt4BBFTxvb2EmafvBcCd5Ly6eGWyZ3a6sx3hTBfiL56H6s9YfGig4XnALrFZ2n54co0SGuIPIc2w+Wr1T7+Ku4BfA8vS8JNE+pLyAJ+GmhFSbZWE6KE2kg9TAg+Wy/Q==
+X0SBzPirfNkMih+gmn4R88MdbDGkZT19s3XmLybmxnsyR77h65BXE/EtVIOwCUl9vvPA9DEvNE4Qs5RLOCs/66yIYuZMX7AxXOvqdi40JHw1lw0OgJbJmd0DKZbBvS4PV+btO3Li72l6u3nLk9ZOBGbT3BxBLcvpwDb6ooxbUKVxxozD8Cuiqqg17n4suY=
k+7mCXLYR0RMnWEUd5QZiWzPkqGtQBVMSgtumuoljLi2TF5U+KQ8aeQBDyUPFsWfjMGDk+4vr7tQGWUtNqg9BsmTYn4v3uefeBVbAwJlElVqRhRseA24bBbhwl57smISE0b//pa8SYmvvNKCL9b2/owKvUzselTdQRgY1gPTxdD4g+jRvOa3/7Lj
BbGMsYpxvU2HgPPg19BAZ/TsmgCnpU8S+TYJSmQyJ4DDhJInDd+9wPZ0jrwYjAxx4hk/De/+FafMudM7TsdfI9CBFUWWAO3+CasyFk/214d4DWsrYg1Cbaq+xMTYZcj0lnkyttsaMmpTfi8WdpR5ka+k4qrPPibGzHLt5EySpEXBgGi+o3sVKDi7uLnczofnsvs=
Zj15CHrTNlZbZoqmwb/wXgjQ8vw0XXWb8W4q4AbK4PgQxQkHoeNNqxBBUWHGaIbl8x3wwRxjlY6+pm8YnP9pREKeYmHx+KGcvH/v6XVpTRghYhXkTeSsrA8olEkzTLTCmRvd9FPkJHjivcTSzbYGLqoSQH5A96AT6nMH3Klx3ENX9XaVs0UwK6Fb3oKxyLkx1njXRNtB+Md/lcpvvvt6hIBKoHdkUrYTxujT2K6cI6SLOK7mtZdvLrZUp5wakFwI6ar0QMijoapcIGt5yZ4IodxXxPwLobKx
vSP5sCWfPQX2uoYmG3ClVBEN6pCr+BdZlIc8VThlTU38CesFflFXBk4cn7eZ1C98+MjhdxcuMfyfBIUyHs40xMa7n6MgRCyxiIIecVzgnB9+8lErCbHOoJWzX4nIuMCxABYMVIqCy4YXNNxGawaEmO2fK9R9S3sd9ardBz5PSVghW5/QAYQnzxdAi8p6MV0ixQfqk59AHmp64KeZ6LL2
FZz/KK77xejCBPQgw+j8K7lwOSpF3T74hxg7MaB3CC0EZXE1yPnfbVKxe26azMvvRRRzJCwYtd/7jl1Ua7TxiuJOSHwyC+sLzORAGVzSSqmAoMDHqqIFwyXR4kihw2tx9Lj8STRmOLym4uduQ2QInjdGWEC5z/98EeuXtYEaKb9Cz7XgVetreG0ky2dDkF+SJvGBepHXPvuzoDICThCT4dSyyg==
lX+lFarbT3e7U6P167VtbGsE66i60FG1Qn6QtLc984uvheX2u01lROfbCYTYF1hYfdTkxFqZ9B5FYiYy8pYQkigDLu+Sl3dQ4WW8n88xZrkb8XAXmf9uzrmcGa0OfAcoMzX4u4fxOmN2b5rYmA4w20xmdq9+zOMUJkgDuNO8/grdY+/SzrDXEFKEPNRxbuRsYBfhlmSE2zXByqg9BFMUkOPVss0=
Lsx/gra3Q5awdFcf0LZWLdz0khgVyWPFKNTxKM09tm8OIQJldznO4clhpIENQozU7QNjdFXICkBj842+qxg9bDfGpI4OMPTTvUc6VDa1iorsRSbAZisMOpNvU2EUxDdb7f1yOHrFsv6uMFBSkcLV/K5ykSb+rB+XKdBnW2H518Lv8wQP86yTMz00mxS9S5XIeX4AkaeWt88o18WQxA5YCJXt0rLM
TJ8+jb6Vi/F17mwjpWxJMEz407fj4555rtDutsRTKif1kK7Egd9Sh5M+p6RWkGYIiPiE9W+etnl/Sv1DbN27j54zl2eQxd2xRjSFmilP2iJfgt+DeAljX3I5qomK2qzwCJEAsNY9+kILrloO85rHoubg8RUvIGreX4rOImwWhVCcZmwBgcSgSnNPfUwYX1CNzLqP47L/
e0jJuibN53U9Kz8LhMcZ1joHmSo55pZjhs7pqeyktXERZvflBaNZXp9gEbzrbtAH/Zeog5G/DjRibWY6kO3yADJDMMq/NwfB4HxbCzEVRjhOLW6uwoik8sWa+QySGsXmKgRjJ8UIMztVAfuSs1vwj4cET+MRTK/0aRP5eIXWVNFzfou/BA8RMLC2tNjJheay+A==
lBmDglq4ZXx7A8CHply+GxEMXzFhFNqBTN+tvktYXeyXBkSEaX9UU12HWlQWdWoKjAUGwIbrrLozr7NhNISX2w09UjhaBVJ+DnBwUnECdXwOsnEm3ux/F8kQR1sBOTdCT7NkDxNsM7NddHsUnQv1SJm+IJHH1hdPiJelkOTO+Ij1rfKy7A==
TLcA53vTrJGJC8Nd2VtiQfKosPOQVTXxaQIm0jI2kPJoIyXI3ff38CGFvP+PkeZZ29FwN1kf7m75/BlNztyHSHMV+JvHkbrDto+auNiusDuMRnaPvixjtGYoA1gTHH5qnUPv8o7QV7CSZDy0Mc5kjKA34bakZFuVgaqo3cTzlPCj9bLt
xgIevInlqd+YJ4m0ySHBUBMMXyBjAt6BTN+tvktYXeyXBkSCaX9UU12HWlQWdWoKjAUGwIbrrLozr7NhNISX2w09UjhaBVJ+DnBwUnECdXwOsnEm3ux/F8kQR1sBOTdCT7NkDxNsM7NddHsUnQv1SJm+IJHH1hdPiJelkOTO+Ij1rfKy7A==
ZL7/ZnaTciqoHrMp6DeHAPKotuWMSDXxaQIm0jI2kPJoIyPI3ff38CGFvP+PkeZZ29FwN1kf7m75/BlNztyHSHMV+JvHkbrDto+auNiusDuMRnaPvixjtGYoA1gTHH5qnUPv8o7QV7CSZDy0Mc5kjKA34bakZFuVgaqo3cTzlPCj9bLt
xSlj3cXlae68p/kRDO/FBvKot/OeTTXxaQIm0jI2kPJoIyDI3ff38CGFvP+PkeZZ29FwN1kf7m75/BlNztyHSHMV+JvHkbrDto+auNiusDuMRnaPvixjtGYoA1gTHH5qnUPv8o7QV7CSZDy0Mc5kjKA34bakZFuVgaqo3cTzlPCj9bLt
lr1nsqBEVF/d7x9cOc15AxOhgKTp/Zl8uJmgsthVbCH1nv6Xl9dJlJI5haRWkGYIiPiE9W6fuHl/Sv1DbN27j54zl2eQxd2xRjSFmilP2iJfgt+DeAljX3I5qomK2qzwCJEAsNY9+kILrloO85rHoubg8RUvIGreX4rOImwWhVCYZm8BgcSgSnNPfUwYX1CNzLqP47L/
AuLI4DKgUSNDy2fvzy7bpJwX7uYmGzdS6enlNM2JqYbYk+xRYlf9/zanp6RtGxY3yu+npYw7rlB25C7MWFzsQeIq0N2vjrU3TCmzi44Xf1PQcTUV1rANbok7kuaPpre3eD0Le6L94v0qLiR0mDXoBJYJEmYbqlL60+6PZjZEmaGvlAJ6j06GVkzijVSIQoc1wXBI7uPL9bi4KxhJHJ7n17LL
y4w2LefuZ/5F9pfMaSskC7aAxhUugCN8NMbXY0wy0HXs5MWC5jA9b/omv4ysz/C5QR1kbRdEOD7XxgFaROerdY8CsmYS0Y31jok+h3jhFFos7k1lCzCvhIv1PB0QPW35ZjyVwumXSqq/Sq+7eDETl5KxOlFKgrz4KNmwSFZFSoorpkrWs8JXKoaoAS0vGJqWPwJeeizOlVi4rt95ATwQAlNHbRTYh8AFLHL/27LH
2OerivDvdqorDiU5j7uz86G2XuaEp+Lgi3SExqWBsgIHx9Wg06plNXPwyzQhewuBI9pHTdOtpFZsMwccKbHcg9c1dtUzBTBrIRveQjEIufFWuNcEWwH4h//Vyq8+O3pEAIqgN+QStlNGqNMYLlwjZAv4rqY1129uNhSnXJpQXMhpavAAS+Oh6txga7lJXghhXJfEvIvhsvE=
PHZVLToQjhO+eo0BGCNj0BEMbyIkH5gyV8s6WuelqIkJJXk1SDk3D/V/MDNU8eUrFPVFhHsWJBPtJ6rUhtU6StwlNsB2C3z6Y88j4YRkZxs9HUI4SiVivv6QwNLhYiU83lKBJu7ML1eZsNfb8ZmHAj/TdA8DjMNz7dQLlA2rJYxJnRCRt7ZHj1h3NRBUrojIxY3isvw=
WsAb8pIfvA5f0XImuxQFBR/n9GDWcoZW1XH1OGz24CEYokBGE16T3p867lLsJmWnWHYPUYEUQFozPx18mK9wPYyqLzOyLw==
SR7kHiJrA2tlE+FhQAIubxkJ5piuzERDmrpzRSIsLk+vM9crT0REFE1Z2aiPl2V88NzqVHp3YdqrKZ9La5Fumpq7hrJtWRm1i7cQal7gnB9+8lErCbHOoJWzX4nIuMCxABYMVIqCy4YXNNxGawaEmO2fK9R9S3sd9ardBz5PSVghW5/QAYQnzxBEi8l6MV0ixQfqk59AHmp64KeZ6LL2
MUclaayw25p1Fcz1MhGpXbSMkYeG+c9kb4jNmMSmhFQ91ipqqHiZt282pn4OEhE5HZZCHQfpGK65U4KrrIKApz/mbcnf588jBLTtIh2ohL/+8gOJ1/ow5RWsDZcX3TRFzYudNqe/CXv+C0cPEC2NiaZsNXJpZyp6/3qPq3ghM6fSYVqhyjIcqOipUFhWVSp6a3bqZjOyt3pGmCE9Lwi6pv9SvgqsfjWM+F6/aQEs8HKTF82kWHeg1WxC38uy1w==
73zGU5Qov08KV2LwtTdF7FyDz+w5UQSmp3OwIRRPOzPsR+YvvZhQO0/rulFtd7HS0ZsP8DEEd69jBJtpyjGtwtXHWrPPwG4K6qCXOTiyJg==
QR+dNlYuOF6PvnF7gpylMkZbeYgQV9vKOTavRUNzg8MR2/+QoYTHDzPE64naMb3i5YeK0z9A/qpaYMfZSLJW
VDwhyOgzwwzKxzC7oDfRlFeX1X9hi81T5ufTYrTktwjiXPwMQfKANNMPYY7U3Lut8RJo5bRLdMjTTbJV
8v4Wy6BFMNn/M+c5ECyxg0ZbeYgQV9vKOTavRUNzg8MR2/+QoYTHDz3E64naMb3i5YeK0z9A/qpaYMfZSLJW
utqMMfF/4idRHAVlWmuuwFeX1X9hi81T5ufTYrTktwjiXPwMQfyANNMPYY7U3Lut8RJo5bRLdMjTTbJV
XwXJK7Br94T+/ThcWppeBpGZkOiUPTy5jdwi6iax6dCxFjxXj0AfVwZv2cqNnJLvcj1Ae/zeHWbtyG/ZErfd5KEWEAxp+suzke3XQ0lcx7QBY4scjYUMUSsug5+8v7nwmKZsOEF1HrIA
/Q6pX+ekzEcrHC48w9+O1pYmR3lzynuSZWBhRovtQzGX6Fjhk0gCXhfFqZyG0lZrNzlDDa8L7EwW3h665X3t9Ax6OG0oThjqk/LLMq92Nt6M6n2maJqX/UE4WLaDs4Ww+KOocTxGdx+yAw==
pGnlLCuC6wo8hNr60NiB4yN+3NI6shAlQ2xqahfxwbhWFh4fl83LiT+vBPhW6vae9XnlACwOcKn46nBeE0ajln+yfqqsHnWieL5/yQGMsBITNw1EWNfgtexiHyuyNw==
zx6NOU+1BcbjwquL6R7kzun34szLQb3P2JNoGbNQElYXzbmEpipmI3fxs7XPk3zEllaOIgXFnbzMsggVCFYI4pP62yqPDgYWTKINHogCB3XBsMgu4wt1eLjrmIkcXmcXsgs=
1K8epfsxv+gJn44127B0fcDEzen6c5zV75NoGbNQElYXzbmEpipmI3fxs7XPk3zEllaOIgXFnbzMsggVCFYI4pP62yqPDgYWTKINHogCB3XBsMgu4wt1eLjrmIkcXmcXsgs=
dNmuyiPdYbEW4sGoKlKW0QJ+pfhRQa4DnK/L6u7ol089Ai6g6q3nYycjVwngWjY0KsStrzFSfMC847AstBxTuJ/sR0RK2JzwWchQWFurIZKsCAshGVZI2ey/5GQbKbIJ
eDT0xqhJ7g+PR4jEShTvxLaAxhUugCN8NMbXY0wy0HXs5MWC5jA9b/omv4ysz/C5QR1kbRdEOD7XxgFaROerdY8CsmYS0Y31jok+h3jhFFos7k1lCzCvhIv1PB0QPW35ZjyVwumXSqq/Sq+7eDETl5KxOlFKgrz4KNmwSFZFSoorpkrWs8JXKoaoAS0vGJqWPwJeeizOlVK4rt95ATwQAlNHbRTYh8AFLHL/27LH
X630ZKpeN5zJ6aGMnQoXqRXOVJqQOtqzpUHpJDnNO8iSidB8+HsOHEMr8FwA48H3aDmp5BuZQCo5v4lsbMeKSLuYmrrPvDun/h6ag8eQa2UnkW0k7WW1Lo4aFZYxTas9ELHgudAX2l2RxnCdLrVfRdJYr5dPNbc0Iu0GOlBtMgDyw3DK/7fHwSD8GwtxlYY4jq0uroIIZPIFGrkM0poF5uqEoyeFiHM7lYE7kvPbsI9HhI/jUczv9KmTPH3FVRTRM/5Lv8SPUTDwNnTYCQWmsrg=
IfAMoSXzXllQp+MxXY19GFDwta4mzon8nkky7zAoHWN1LnCqHE9AkfIe6lBgPCgJEn2HZISZEtQseImIoM8ARI6LYKVtVpex68Lg5q8PgqglKqBZuY24ktpBLkIaxJ+fFInfgn7c5Z5jJkDwc9pmf6CWOuQTjC0Z09tNfZFFhdDsg6FLe4jlS8oE03LDuFzzN2W2pdN1MBvBax4y0Xg5gbbIF3S7cfj3H6UK395L+jTg+mBHBGK2I6bYE2jOLKMU64hu1tWnbx7WZGcseiDcuIkfMXCrk6GaPBCryakuiBG85wTMa5GygQ==
2OYmccdPcxwuh++wSrp4bKm8fjgCpVZRLlodUuJUCXMu7Z4BZzVP+dgXSMAdZGS42yzPNOnzrwQJtk7SXRGWQZGQaTDwh0CcfqNA3X1el6nbqoDef8dC8FWCAKEpBTgKaqnO+kqM30fkof/6btTlhlNOIMijEqYn0D6aHIMErYFjM63FwQ3FCByrgTNrgOVT+myzShNwnKtHzRZdQ/2wg3GD/oqBMHlZRuA3DKt5+O8vzWrnDoM6bJBSwL+U6ja7FjDz0J5k48wboE6uxa9vBuYMBxSq6Bzg+beRiDsbIQKM+Etx+WbIyUzPJLR7mbKZ
UhkzVRtC48yPvlXFvV01/+rfF6/7Rg9jCec69aMu3HilLkapqNhlgAYi0gPd1Ug1c/53zK1NRHy/cEbRkBotiQlmPGBR3MN2l5dnCTXXffpFZAcFFhzweN6lTGKjpFl8WAPgwCa3ULE1OhfVo97w0heDImzN1lCNISF4ttIdfjZiiP+bPDVvFqYw5XqrutBES9ZGO8jqSrALoG29WwediWmJZVREv5FfI+RlL4IYw0Z7NPw335lGcUvZ8D/JN05GqTRZhZ50p+BjnfgT1zmaa+ZH2nCIhhATHE72hy4Ew5w24EOQQ7Rewo3L73qeeHcYwqx8fGHjwaQzP2G+NEz7vdFi6BWUW7RYs32yZQ==
QV3hDS/mMBbTjlfip46bfUdNPzUdT2t5l9ojUz+bC0DuQ/oQ2S8PNmQUTUMoCIgGD3VeSsfn/RM11v5pb+hZpo68qjAdukhnuWHrV3cGbjMdScIOu8a8MdLTqv2jwYp/EBib3nmoJ/g2qnyULJLa7S5Gb0Yjq3gpI9RMf7SB5G57VWvCwSKbW6ExOx1tdkhYPRSwfFizaffA6XEEE2m46uGvAUzUd6LI0+ji2kesY+fGrpIjH0CDZc9BtYTl1Y1u1gqd9kk9w704AViZWAcCnWk2eH32ZfdFegj390dFz3R6/Y4a6N0agBoziCp3px8BGEwTqynF7jjm/XYOirhcMt0KMewqau1mwjQbBw2YK3vt8TPyq4sYj+9UVwNZPBc0cYO0XX3lPFFbjjPfTJ8JcMiGfHjR1U6yUA==
ldTeWi+M2wRZjTNwssosAlR4+b9bYkQ7442rB4NK7JTym7krun/VS17WALBw+Lm1GDTB0lqVzcv9Qnz5xGYbstcn7WeL1bIP1mKO2w1jrFgf8fj7t7TPuQkqfGOKun9oKBYGhXWjGFpstffK9lhjLO6/xuVRuLvzcHxeavrDQW80YGJ2wRqc6fCOijX4xwHAV6sfLMjUM0mSAoE0WNt1u9jozg+mkOYiL5VQ94eg0grlRNcIKIIv3LaVREiCph/6jSMHVYVvLeP1mmi9uamXnqXRvmp7wN9+zNkT+86nn8PQ4VWlFmCtHgkLcjbP1pcneK0rC+ItAs2qXoSkWIWIlJaZ8tZb+vIKU97vNva0uTGvBCKKTx7mZswSLQHJ8melweAoXiMbVcg4G/iZXO7HR7Jb
/r0cl3GBvreHKL7n0H+g6hUUbpvNpZrx1NwhtHW8M1STyZ0Ixe2ALYcsffdnFcPNhklDhHupaGR9ARgRYGtoz2jdiOAynZZDkQwLMayvBWOSKSxl+xwi4mVGji9XoqGX1HfbQGoBpvlLPy65Nz5D2kM6MwjQ9wHrkE3factvLBX4+2IdT81zRDyoTj0cseSL+nhflDVqRqck5AlgETVnYmoI/0Ba9NLXm7cyjXsM+T16ukM7i+R+M5Do4ezI8g14wXdEOvjrVaTxZb2l/0yPQQ/+dN7X3mM58Z0KRfIx0pOgzatiknX8AQUFiGx9f60RDSRY6YQywpmoIKi3IoI9cz0RGlh5Y2MhnLiUGTzG4KxeIv/ee0SA7l/GcHAxLweMCSsvpdl6Ie/qzx0wXQuzaNVk0xc+9dehDnFpihn3Bkur4EoSFrCbMTyyIg==
BPJ26jmCv4y1kvKMijdtrGkTvDS8AZShrkE2ieelJfpujifXzjbAcxBlNiYeN3QBblMrwb/wGSfUpm53/R62dKWzfCqrWmnOnvgAXTR+Ob4yaxaD6IARtirfVs3roVWTc2//rYYIx2Y/QWZoH7aHs0zqafK8/jw1Bg+3wVmoodMhpYEgal4aFpdoyRiAH4CUrhsgtc2Gl2FL0qB2j98CeAW64EkZXbhCelFu0joUH080GZ+S3gzlTsM2AGBTCuavgAZ69LNcLclzyw3tsZUFAMwT4VvbWOWbahST4uNo3CMX9fa1c6Uwy2F7XqLxqLlRllhXZBuh+Ce/tUpP/pt65MBqIFeksrbzBshT+O78I8TLGC7GdXdvznZ0J7xa8FxoqY9xYAtDoUqcAOtZif4IwZx3RNzLQbJR
0oHVzHESqdqdCzddTSNuh0dNPzUdT2t5l9ojUz+bC0DuQ+YRwylPLigFQEgpBcoBS39SVM24/lM61ulpafcEus2xtD4JpkJ4vGbxE3dEcT8UWogU4Nupa96TpLykjo1/BxyBlX/yOu1s5GnIZpXe8X0OckFt4mUoOt9SfoWK1GlgXWLY1j6sS7o1Ox1tdkhYPRSwfFizaffA6XEEE2m46uGvAUzUd6LI0+ji2kesY+fGrpIjH0CDZc9BtYTl1Y1u1gqd9kk9w704AViZWAcCnWk2eH32ZfdFegj390dFz3R6/Y4a6N0agBoziCp3px8BGEwTqynF7jjm/XYOirhcMt0KMewqau1mwjQbBw2YK3vt8TPyq4sYj+9UVwNZPBc0cYO0XX3lPFFbjjPfTJ8JcMiGfHjR1U6yUA==
d61dgfQWjKig3h719Sug2iCCUAMizBS0LiMT4niVqfvFCYmvO5kVrprhGS39yjHxoqQMCi8gzM7QhDSBf5UMGimFS9fmLPkqWQfVOdl1iso/l2Rmd3bZySVcBv8RveLuyZE4Glo6GcvC7Sk8KT36HhlXT/jRLyXfJINURmAE2RyY4+CgZlfQEXUaF/XjfnAyV+MijA220C3hAXiWEr3+VqJo//t81e+25hDlWusaUKQLtkbbCIrKEMuAbZ2bpx3pqWllNARfEf9jxGUPwrhDpjtU/Ncf+cbRi/nwHwmXziZp1Fnl3pQnQCO9+DOXmRqLpifakEjmkLPcbvan7qRD/PYAQ/ADVN5izevvWt7Y9/iCzHycoYNBBPMfYZ707HvdEYLoddS7NPjzXbJF
bUriP4g7Mk+M0qhPQW5V2Dwc+ogqcIlD5PxZccnfXvqjZabmCQ4QOPFngODwIsMgWu9Fuxt458ERn4HgYDY6KbX/nFOE6NSGWe9RQrYHnY+KOO76djlZgjMW04sF3Rp/i30IUx1NH68PWnJrPy3AejE4sVEmiH4uWHIMUCt44vKZnEaurdEFjxsgVhNchQ0OD9ExyWHawT6m2T1nmgDdI6hMpzff89d08qhxVywD6VCqWY3CVgA6ua02ix5hsswRsDZaXRhvsRhXc6+EKLzj8dL60Zz4s4XjWDC+5wY4NlrvLQAf5whiUuUcZ6BIan9kdu2U4CJObyINe/c9Jcd9G7UiuNVZASdGpQkOwpuoD8aMIUNTbs9vm1A5JU22yH1mybMi3q9+J3949ZujgsVSdWomVAz4bfhMFsECvvtSovITZj9eFhwJ6a/ckiKvdjbejOp9qWmal/1BOFi2g7OFsPijqHE8RncfsgM=
D03SdfVBC8X+K0+R8aCBGWeL+qCpcb88NcLZu8ZLCY/yGVSmIRfCH4Nd/oHqIiKV1WzM4RYlvnPoEn3xp0yJfcl6QnUCKB1DHbDyf3i8Ejv7Bo4LSy9Na0XO3q/CR7oeBMXMYiCglbh+PSMQskNycA8/WSDdDmHaDaZN6J0INa/9j8FpiwtK1D4SRXAo887+RiWDzcrCrXysS7l0JZqufWWRRaVyxn/el1GWyX3hae6xbzlG+UWILFTUm6hRO6f7vcVbGq7oexiG5L6ffzdWRZccpeX+2gfDt5TSuzSoBeSkQvHAhVdAYqR7+ezVZZntU9zTGQveMGYrbg8xFd2uzV5B7mvkrS+6zmUQyWGFbCQRb3FJicSckbjCbhEM4My/zjJBy/kxHoCl88/puLiw0ZBWPHRaAjtmB/Rs5jsG1Pid3zv0zcur/QVqTacOT3n4sRvvsFEEl+8ChXspqjGNgnVH+vPvwE5KSiA3eRiyBg==
